<?xml version="1.0" encoding="UTF-8"?>
<testng-results ignored="0" total="1" passed="1" failed="0" skipped="0">
  <reporter-output>
  </reporter-output>
  <suite started-at="2024-06-28T14:04:15 IST" name="Suite" finished-at="2024-06-28T14:04:20 IST" duration-ms="5255">
    <groups>
    </groups>
    <test started-at="2024-06-28T14:04:15 IST" name="Test" finished-at="2024-06-28T14:04:20 IST" duration-ms="5255">
      <class name="automation.mavenJava.BrowserLunchingTest">
        <test-method is-config="true" signature="lunchingBrowser(java.lang.String)[pri:0, instance:automation.mavenJava.BrowserLunchingTest@413d1baf]" started-at="2024-06-28T14:04:15 IST" name="lunchingBrowser" finished-at="2024-06-28T14:04:19 IST" duration-ms="3926" status="PASS">
          <params>
            <param index="0">
              <value>
                <![CDATA[chrome]]>
              </value>
            </param>
          </params>
          <reporter-output>
          </reporter-output>
        </test-method> <!-- lunchingBrowser -->
        <test-method signature="verifyingTitleOfPage()[pri:0, instance:automation.mavenJava.BrowserLunchingTest@413d1baf]" started-at="2024-06-28T14:04:19 IST" name="verifyingTitleOfPage" finished-at="2024-06-28T14:04:19 IST" duration-ms="130" status="PASS">
          <reporter-output>
          </reporter-output>
        </test-method> <!-- verifyingTitleOfPage -->
        <test-method is-config="true" signature="closingBrowser()[pri:0, instance:automation.mavenJava.BrowserLunchingTest@413d1baf]" started-at="2024-06-28T14:04:19 IST" name="closingBrowser" finished-at="2024-06-28T14:04:20 IST" duration-ms="1155" status="PASS">
          <reporter-output>
          </reporter-output>
        </test-method> <!-- closingBrowser -->
      </class> <!-- automation.mavenJava.BrowserLunchingTest -->
    </test> <!-- Test -->
  </suite> <!-- Suite -->
</testng-results>
