<?xml version="1.0" encoding="UTF-8"?>
<testng-results ignored="0" total="2" passed="2" failed="0" skipped="0">
  <reporter-output>
  </reporter-output>
  <suite started-at="2024-07-03T11:30:50 IST" name="Suite" finished-at="2024-07-03T11:30:59 IST" duration-ms="8846">
    <groups>
    </groups>
    <test started-at="2024-07-03T11:30:50 IST" name="Test" finished-at="2024-07-03T11:30:59 IST" duration-ms="8846">
      <class name="automation.mavenJava.BrowserLunchingTest">
        <test-method is-config="true" signature="lunchingBrowser(java.lang.String)[pri:0, instance:automation.mavenJava.BrowserLunchingTest@3cce5371]" started-at="2024-07-03T11:30:50 IST" name="lunchingBrowser" finished-at="2024-07-03T11:30:55 IST" duration-ms="4979" status="PASS">
          <params>
            <param index="0">
              <value>
                <![CDATA[edge]]>
              </value>
            </param>
          </params>
          <reporter-output>
          </reporter-output>
        </test-method> <!-- lunchingBrowser -->
        <test-method signature="verifyingTitleOfPage()[pri:0, instance:automation.mavenJava.BrowserLunchingTest@3cce5371]" started-at="2024-07-03T11:30:55 IST" name="verifyingTitleOfPage" finished-at="2024-07-03T11:30:55 IST" duration-ms="162" status="PASS">
          <reporter-output>
          </reporter-output>
        </test-method> <!-- verifyingTitleOfPage -->
        <test-method signature="handleChildWindow()[pri:1, instance:automation.mavenJava.BrowserLunchingTest@3cce5371]" started-at="2024-07-03T11:30:55 IST" name="handleChildWindow" finished-at="2024-07-03T11:30:57 IST" duration-ms="1363" status="PASS">
          <reporter-output>
          </reporter-output>
        </test-method> <!-- handleChildWindow -->
        <test-method is-config="true" signature="closingBrowser()[pri:0, instance:automation.mavenJava.BrowserLunchingTest@3cce5371]" started-at="2024-07-03T11:30:57 IST" name="closingBrowser" finished-at="2024-07-03T11:30:59 IST" duration-ms="2300" status="PASS">
          <reporter-output>
          </reporter-output>
        </test-method> <!-- closingBrowser -->
      </class> <!-- automation.mavenJava.BrowserLunchingTest -->
    </test> <!-- Test -->
  </suite> <!-- Suite -->
</testng-results>
